<?xml version="1.0" encoding="UTF-8"?>
<testng-results ignored="0" total="1" passed="1" failed="0" skipped="0">
  <reporter-output>
  </reporter-output>
  <suite started-at="2025-07-07T16:46:19 IST" name="Default suite" finished-at="2025-07-07T16:46:54 IST" duration-ms="35337">
    <groups>
    </groups>
    <test started-at="2025-07-07T16:46:19 IST" name="Default test" finished-at="2025-07-07T16:46:54 IST" duration-ms="35337">
      <class name="com.auto.testcases.CreatePipelineTest">
        <test-method is-config="true" signature="browserSetUp()[pri:0, instance:com.auto.testcases.CreatePipelineTest@639c2c1d]" started-at="2025-07-07T16:46:19 IST" name="browserSetUp" finished-at="2025-07-07T16:46:26 IST" duration-ms="7599" status="PASS">
          <reporter-output>
          </reporter-output>
        </test-method> <!-- browserSetUp -->
        <test-method signature="validateCreateNewDevPipeline()[pri:0, instance:com.auto.testcases.CreatePipelineTest@639c2c1d]" started-at="2025-07-07T16:46:26 IST" name="validateCreateNewDevPipeline" finished-at="2025-07-07T16:46:54 IST" duration-ms="27684" status="PASS">
          <reporter-output>
          </reporter-output>
        </test-method> <!-- validateCreateNewDevPipeline -->
      </class> <!-- com.auto.testcases.CreatePipelineTest -->
    </test> <!-- Default test -->
  </suite> <!-- Default suite -->
</testng-results>
